Arguments: 
  C:\Program Files\nodejs\node.exe C:\Users\User\AppData\Roaming\npm\node_modules\yarn\bin\yarn.js add expo-cli -g

PATH: 
  C:\Users\User\bin;C:\Program Files\Git\mingw64\bin;C:\Program Files\Git\usr\local\bin;C:\Program Files\Git\usr\bin;C:\Program Files\Git\usr\bin;C:\Program Files\Git\mingw64\bin;C:\Program Files\Git\usr\bin;C:\Users\User\bin;C:\Program Files (x86);C:\WINDOWS\system32;C:\WINDOWS;C:\WINDOWS\System32\Wbem;C:\WINDOWS\System32\WindowsPowerShell\v1.0;C:\WINDOWS\System32\OpenSSH;C:\Program Files\Git\cmd;C:\Program Files\nodejs;C:\ProgramData\chocolatey\bin;C:\Users\User\AppData\Local\Microsoft\WindowsApps;C:\Users\User\AppData\Local\Programs\Microsoft VS Code\bin;C:\Users\User\AppData\Roaming\npm;C:\Program Files\Git\usr\bin\vendor_perl;C:\Program Files\Git\usr\bin\core_perl

Yarn version: 
  1.22.11

Node version: 
  14.17.6

Platform: 
  win32 x64

Trace: 
  Error: getaddrinfo ENOTFOUND github.com
      at GetAddrInfoReqWrap.onlookup [as oncomplete] (dns.js:69:26)

npm manifest: 
  {
    "main": "node_modules/expo/AppEntry.js",
    "scripts": {
      "start": "expo start",
      "android": "expo start --android",
      "ios": "expo start --ios",
      "web": "expo start --web",
      "eject": "expo eject",
      "test": "jest --watchAll"
    },
    "jest": {
      "preset": "jest-expo"
    },
    "dependencies": {
      "@expo/vector-icons": "^12.0.0",
      "@react-navigation/bottom-tabs": "^6.0.5",
      "@react-navigation/native": "^6.0.2",
      "@react-navigation/native-stack": "^6.1.0",
      "expo": "~42.0.1",
      "expo-asset": "~8.3.2",
      "expo-constants": "~11.0.1",
      "expo-font": "~9.2.1",
      "expo-linking": "~2.3.1",
      "expo-splash-screen": "~0.11.2",
      "expo-status-bar": "~1.0.4",
      "expo-web-browser": "~9.2.0",
      "react": "16.13.1",
      "react-dom": "16.13.1",
      "react-native": "https://github.com/expo/react-native/archive/sdk-42.0.0.tar.gz",
      "react-native-gesture-handler": "~1.10.2",
      "react-native-reanimated": "~2.2.0",
      "react-native-safe-area-context": "3.2.0",
      "react-native-screens": "~3.4.0",
      "react-native-web": "~0.13.12",
      "yarn": "^1.22.11"
    },
    "devDependencies": {
      "@babel/core": "^7.9.0",
      "@types/react": "~16.9.35",
      "@types/react-native": "~0.63.2",
      "jest-expo": "~41.0.0-beta.0",
      "typescript": "~4.0.0"
    },
    "private": true
  }

yarn manifest: 
  No manifest

Lockfile: 
  No lockfile
